<?xml version="1.0" encoding="UTF-8"?>
<!-- Generated by org.testng.reporters.JUnitReportReporter -->
<testsuite hostname="RohitvarshaPC" name="SeleniumWithMaven.SeleniumWithMavenArtifact.FirstTestCase" tests="2" failures="0" timestamp="15 Jul 2017 11:19:53 GMT" time="27.194" errors="0">
  <testcase name="LaunchGuru99" time="8.884" classname="SeleniumWithMaven.SeleniumWithMavenArtifact.FirstTestCase"/>
  <testcase name="LaunchYahoo" time="18.310" classname="SeleniumWithMaven.SeleniumWithMavenArtifact.FirstTestCase"/>
</testsuite> <!-- SeleniumWithMaven.SeleniumWithMavenArtifact.FirstTestCase -->
