<?xml version="1.0" encoding="UTF-8"?>
<!-- Generated by org.testng.reporters.JUnitReportReporter -->
<testsuite hostname="RohitvarshaPC" name="SeleniumWithMaven.SeleniumWithMavenArtifact.SecondTestCase" tests="2" failures="0" timestamp="15 Jul 2017 11:19:53 GMT" time="20.635" errors="0">
  <testcase name="LaunchDemoqa" time="12.045" classname="SeleniumWithMaven.SeleniumWithMavenArtifact.SecondTestCase"/>
  <testcase name="LaunchGooglePage" time="8.590" classname="SeleniumWithMaven.SeleniumWithMavenArtifact.SecondTestCase"/>
</testsuite> <!-- SeleniumWithMaven.SeleniumWithMavenArtifact.SecondTestCase -->
