<?xml version="1.0" encoding="UTF-8"?>
<!-- Generated by org.testng.reporters.JUnitReportReporter -->
<testsuite hostname="RohitvarshaPC" name="SeleniumWithMaven.SeleniumWithMavenArtifact.SecondTestCase" tests="2" failures="0" timestamp="15 Jul 2017 11:27:58 GMT" time="25.766" errors="0">
  <testcase name="LaunchGooglePage" time="10.384" classname="SeleniumWithMaven.SeleniumWithMavenArtifact.SecondTestCase"/>
  <testcase name="LaunchDemoqa" time="15.382" classname="SeleniumWithMaven.SeleniumWithMavenArtifact.SecondTestCase"/>
</testsuite>
