<?xml version="1.0" encoding="UTF-8"?>
<!-- Generated by org.testng.reporters.JUnitReportReporter -->
<testsuite hostname="RohitvarshaPC" name="SeleniumWithMaven.SeleniumWithMavenArtifact.FirstTestCase" tests="2" failures="0" timestamp="15 Jul 2017 11:27:58 GMT" time="36.587" errors="0">
  <testcase name="LaunchYahoo" time="25.176" classname="SeleniumWithMaven.SeleniumWithMavenArtifact.FirstTestCase"/>
  <testcase name="LaunchGuru99" time="11.411" classname="SeleniumWithMaven.SeleniumWithMavenArtifact.FirstTestCase"/>
</testsuite>
